  0:00 ------------------------------------------------------------
  0:00 InitGame: \g_needpass\0\gamename\telefrag\bot_minplayers\0\sv_allowDownload\0\sv_privateClients\0\mapname\Q3DM13\protocol\48\g_gametype\0\version\Q3 1.27g win-x86 Dec  4 2000\sv_maxPing\0\sv_minPing\0\dmflags\0\timelimit\0\sv_hostname\House Of Pain\sv_maxclients\8\sv_maxRate\0\sv_floodProtect\1\capturelimit\0\g_maxGameClients\0\fraglimit\20
  0:00 ClientConnect: 0
  0:00 ClientUserinfoChanged: 0 n\^1[^7Zygote^1]\t\0\model\xian/default\hmodel\xian/default\g_redteam\\g_blueteam\\c1\4\hc\100\w\0\l\0\tt\0\tl\0
  0:00 ClientConnect: 1
  0:00 ClientUserinfoChanged: 1 n\Visor\t\0\model\visor\hmodel\visor\c1\4\hc\70\w\0\l\0\skill\2.000000\tt\0\tl\0
  0:00 ClientBegin: 1
  0:00 ClientConnect: 2
  0:00 ClientUserinfoChanged: 2 n\Razor\t\0\model\razor\hmodel\razor\c1\4\hc\70\w\0\l\0\skill\2.000000\tt\0\tl\0
  0:00 ClientBegin: 2
  0:00 ClientConnect: 3
  0:00 ClientUserinfoChanged: 3 n\Stripe\t\0\model\grunt/stripe\hmodel\grunt/stripe\c1\4\hc\70\w\0\l\0\skill\2.000000\tt\0\tl\0
  0:00 ClientBegin: 3
  0:00 ClientUserinfoChanged: 0 n\^1[^7Zygote^1]\t\0\model\xian/default\hmodel\xian/default\g_redteam\\g_blueteam\\c1\4\hc\100\w\0\l\0\tt\0\tl\0
  0:00 ClientBegin: 0
  0:01 Item: 2 item_armor_combat
  0:02 Item: 1 weapon_lightning
  0:03 Item: 1 ammo_shells
  0:04 Item: 3 item_armor_shard
  0:04 Item: 3 item_armor_shard
  0:04 Item: 3 item_armor_shard
  0:05 Item: 3 item_armor_shard
  0:05 ShutdownGame:
  0:05 ------------------------------------------------------------
  0:00 ------------------------------------------------------------
  0:00 InitGame: \g_needpass\0\gamename\baseq3\sv_allowDownload\0\sv_privateClients\0\mapname\q3dm1\protocol\48\g_gametype\0\version\Q3 1.27g win-x86 Dec  4 2000\fraglimit\20\g_maxGameClients\0\capturelimit\0\sv_floodProtect\1\sv_maxRate\0\sv_maxclients\8\sv_hostname\House Of Pain\timelimit\0\dmflags\0\sv_minPing\0\sv_maxPing\0
  0:00 ClientConnect: 0
  0:00 ClientUserinfoChanged: 0 n\^1[^7Zygote^1]\t\0\model\xian/default\hmodel\xian/default\g_redteam\\g_blueteam\\c1\4\hc\100\w\0\l\0\tt\0\tl\0
  0:00 ClientUserinfoChanged: 0 n\^1[^7Zygote^1]\t\0\model\xian/default\hmodel\xian/default\g_redteam\\g_blueteam\\c1\4\hc\100\w\0\l\0\tt\0\tl\0
  0:00 ClientBegin: 0
  0:02 ShutdownGame:
  0:02 ------------------------------------------------------------
